proguard/usage.txt
com.mhook.dialog.BuildConfig
com.mhook.dialog.MainActivity:
    static synthetic void access$S1000000(com.mhook.dialog.MainActivity,android.app.Activity)
com.mhook.dialog.MainActivity$100000000:
    static com.mhook.dialog.MainActivity access$0(com.mhook.dialog.MainActivity$100000000)
com.mhook.dialog.Module$100000000:
    static com.mhook.dialog.Module access$0(com.mhook.dialog.Module$100000000)
com.mhook.dialog.Module$100000002:
    static com.mhook.dialog.Module access$0(com.mhook.dialog.Module$100000002)
com.mhook.dialog.Module$100000002$100000001:
    static com.mhook.dialog.Module$100000002 access$0(com.mhook.dialog.Module$100000002$100000001)
com.mhook.dialog.Utils.SPUtils:
    13:17:public SPUtils()
    28:32:public SPUtils(java.lang.String,int)
    36:40:public SPUtils(java.lang.String)
    124:128:public static void remove(android.content.Context,java.lang.String)
    139:143:public static void clear(android.content.Context)
    156:158:public static boolean contains(android.content.Context,java.lang.String)
    170:172:public static java.util.Map getAll(android.content.Context)
com.mhook.dialog.Utils.SPUtils$SharedPreferencesCompat:
    226:226:public SPUtils$SharedPreferencesCompat()
com.mhook.dialog.Utils.T:
    15:17:T()
    63:64:public static void showShort(android.content.Context,java.lang.CharSequence)
    75:76:public static void showShort(android.content.Context,int)
    87:88:public static void showLong(android.content.Context,java.lang.CharSequence)
    99:100:public static void showLong(android.content.Context,int)
...
adrt.ADRTSender:
    7:7:public ADRTSender()
    20:25:public static void sendConnect(java.lang.String)
    29:34:public static void sendStop(java.lang.String)
    40:52:public static void sendBreakpointHit(java.lang.String,java.util.ArrayList,java.util.ArrayList,java.util.ArrayList,java.util.ArrayList,java.util.ArrayList,java.util.ArrayList)
    57:66:public static void sendFields(java.lang.String,java.lang.String,java.util.ArrayList,java.util.ArrayList,java.util.ArrayList)